Analysis & Synthesis report for DE10_LITE_Small
Wed Aug 14 09:23:06 2024
Quartus Prime Version 16.1.0 Build 196 10/24/2016 SJ Lite Edition


---------------------
; Table of Contents ;
---------------------
  1. Legal Notice
  2. Analysis & Synthesis Summary
  3. Analysis & Synthesis Settings
  4. Parallel Compilation
  5. Analysis & Synthesis Source Files Read
  6. Analysis & Synthesis Resource Usage Summary
  7. Analysis & Synthesis Resource Utilization by Entity
  8. General Register Statistics
  9. Post-Synthesis Netlist Statistics for Top Partition
 10. Elapsed Time Per Partition
 11. Analysis & Synthesis Messages
 12. Analysis & Synthesis Suppressed Messages



----------------
; Legal Notice ;
----------------
Copyright (C) 2016  Intel Corporation. All rights reserved.
Your use of Intel Corporation's design tools, logic functions 
and other software and tools, and its AMPP partner logic 
functions, and any output files from any of the foregoing 
(including device programming or simulation files), and any 
associated documentation or information are expressly subject 
to the terms and conditions of the Intel Program License 
Subscription Agreement, the Intel Quartus Prime License Agreement,
the Intel MegaCore Function License Agreement, or other 
applicable license agreement, including, without limitation, 
that your use is for the sole purpose of programming logic 
devices manufactured by Intel and sold by Intel or its 
authorized distributors.  Please refer to the applicable 
agreement for further details.



+----------------------------------------------------------------------------------+
; Analysis & Synthesis Summary                                                     ;
+------------------------------------+---------------------------------------------+
; Analysis & Synthesis Status        ; Successful - Wed Aug 14 09:23:06 2024       ;
; Quartus Prime Version              ; 16.1.0 Build 196 10/24/2016 SJ Lite Edition ;
; Revision Name                      ; DE10_LITE_Small                             ;
; Top-level Entity Name              ; DE10_LITE_Small                             ;
; Family                             ; MAX 10                                      ;
; Total logic elements               ; 0                                           ;
;     Total combinational functions  ; 0                                           ;
;     Dedicated logic registers      ; 0                                           ;
; Total registers                    ; 0                                           ;
; Total pins                         ; 86                                          ;
; Total virtual pins                 ; 0                                           ;
; Total memory bits                  ; 0                                           ;
; Embedded Multiplier 9-bit elements ; 0                                           ;
; Total PLLs                         ; 0                                           ;
; UFM blocks                         ; 0                                           ;
; ADC blocks                         ; 0                                           ;
+------------------------------------+---------------------------------------------+


+----------------------------------------------------------------------------------------------------------------------+
; Analysis & Synthesis Settings                                                                                        ;
+----------------------------------------------------------------------------+--------------------+--------------------+
; Option                                                                     ; Setting            ; Default Value      ;
+----------------------------------------------------------------------------+--------------------+--------------------+
; Device                                                                     ; 10M50DAF484C7G     ;                    ;
; Top-level entity name                                                      ; DE10_LITE_Small    ; DE10_LITE_Small    ;
; Family name                                                                ; MAX 10 FPGA        ; Cyclone V          ;
; Use smart compilation                                                      ; Off                ; Off                ;
; Enable parallel Assembler and TimeQuest Timing Analyzer during compilation ; On                 ; On                 ;
; Enable compact report table                                                ; Off                ; Off                ;
; Restructure Multiplexers                                                   ; Auto               ; Auto               ;
; Create Debugging Nodes for IP Cores                                        ; Off                ; Off                ;
; Preserve fewer node names                                                  ; On                 ; On                 ;
; OpenCore Plus hardware evaluation                                          ; Enable             ; Enable             ;
; Verilog Version                                                            ; Verilog_2001       ; Verilog_2001       ;
; VHDL Version                                                               ; VHDL_1993          ; VHDL_1993          ;
; State Machine Processing                                                   ; Auto               ; Auto               ;
; Safe State Machine                                                         ; Off                ; Off                ;
; Extract Verilog State Machines                                             ; On                 ; On                 ;
; Extract VHDL State Machines                                                ; On                 ; On                 ;
; Ignore Verilog initial constructs                                          ; Off                ; Off                ;
; Iteration limit for constant Verilog loops                                 ; 5000               ; 5000               ;
; Iteration limit for non-constant Verilog loops                             ; 250                ; 250                ;
; Add Pass-Through Logic to Inferred RAMs                                    ; On                 ; On                 ;
; Infer RAMs from Raw Logic                                                  ; On                 ; On                 ;
; Parallel Synthesis                                                         ; On                 ; On                 ;
; DSP Block Balancing                                                        ; Auto               ; Auto               ;
; NOT Gate Push-Back                                                         ; On                 ; On                 ;
; Power-Up Don't Care                                                        ; On                 ; On                 ;
; Remove Redundant Logic Cells                                               ; Off                ; Off                ;
; Remove Duplicate Registers                                                 ; On                 ; On                 ;
; Ignore CARRY Buffers                                                       ; Off                ; Off                ;
; Ignore CASCADE Buffers                                                     ; Off                ; Off                ;
; Ignore GLOBAL Buffers                                                      ; Off                ; Off                ;
; Ignore ROW GLOBAL Buffers                                                  ; Off                ; Off                ;
; Ignore LCELL Buffers                                                       ; Off                ; Off                ;
; Ignore SOFT Buffers                                                        ; On                 ; On                 ;
; Limit AHDL Integers to 32 Bits                                             ; Off                ; Off                ;
; Optimization Technique                                                     ; Balanced           ; Balanced           ;
; Carry Chain Length                                                         ; 70                 ; 70                 ;
; Auto Carry Chains                                                          ; On                 ; On                 ;
; Auto Open-Drain Pins                                                       ; On                 ; On                 ;
; Perform WYSIWYG Primitive Resynthesis                                      ; Off                ; Off                ;
; Auto ROM Replacement                                                       ; On                 ; On                 ;
; Auto RAM Replacement                                                       ; On                 ; On                 ;
; Auto DSP Block Replacement                                                 ; On                 ; On                 ;
; Auto Shift Register Replacement                                            ; Auto               ; Auto               ;
; Allow Shift Register Merging across Hierarchies                            ; Auto               ; Auto               ;
; Auto Clock Enable Replacement                                              ; On                 ; On                 ;
; Strict RAM Replacement                                                     ; Off                ; Off                ;
; Allow Synchronous Control Signals                                          ; On                 ; On                 ;
; Force Use of Synchronous Clear Signals                                     ; Off                ; Off                ;
; Auto RAM Block Balancing                                                   ; On                 ; On                 ;
; Auto RAM to Logic Cell Conversion                                          ; Off                ; Off                ;
; Auto Resource Sharing                                                      ; Off                ; Off                ;
; Allow Any RAM Size For Recognition                                         ; Off                ; Off                ;
; Allow Any ROM Size For Recognition                                         ; Off                ; Off                ;
; Allow Any Shift Register Size For Recognition                              ; Off                ; Off                ;
; Use LogicLock Constraints during Resource Balancing                        ; On                 ; On                 ;
; Ignore translate_off and synthesis_off directives                          ; Off                ; Off                ;
; Timing-Driven Synthesis                                                    ; On                 ; On                 ;
; Report Parameter Settings                                                  ; On                 ; On                 ;
; Report Source Assignments                                                  ; On                 ; On                 ;
; Report Connectivity Checks                                                 ; On                 ; On                 ;
; Ignore Maximum Fan-Out Assignments                                         ; Off                ; Off                ;
; Synchronization Register Chain Length                                      ; 2                  ; 2                  ;
; PowerPlay Power Optimization During Synthesis                              ; Normal compilation ; Normal compilation ;
; HDL message level                                                          ; Level2             ; Level2             ;
; Suppress Register Optimization Related Messages                            ; Off                ; Off                ;
; Number of Removed Registers Reported in Synthesis Report                   ; 5000               ; 5000               ;
; Number of Swept Nodes Reported in Synthesis Report                         ; 5000               ; 5000               ;
; Number of Inverted Registers Reported in Synthesis Report                  ; 100                ; 100                ;
; Clock MUX Protection                                                       ; On                 ; On                 ;
; Auto Gated Clock Conversion                                                ; Off                ; Off                ;
; Block Design Naming                                                        ; Auto               ; Auto               ;
; SDC constraint protection                                                  ; Off                ; Off                ;
; Synthesis Effort                                                           ; Auto               ; Auto               ;
; Shift Register Replacement - Allow Asynchronous Clear Signal               ; On                 ; On                 ;
; Pre-Mapping Resynthesis Optimization                                       ; Off                ; Off                ;
; Analysis & Synthesis Message Level                                         ; Medium             ; Medium             ;
; Disable Register Merging Across Hierarchies                                ; Auto               ; Auto               ;
; Resource Aware Inference For Block RAM                                     ; On                 ; On                 ;
+----------------------------------------------------------------------------+--------------------+--------------------+


+------------------------------------------+
; Parallel Compilation                     ;
+----------------------------+-------------+
; Processors                 ; Number      ;
+----------------------------+-------------+
; Number detected on machine ; 16          ;
; Maximum allowed            ; 8           ;
;                            ;             ;
; Average used               ; 1.00        ;
; Maximum used               ; 1           ;
;                            ;             ;
; Usage by Processor         ; % Time Used ;
;     Processor 1            ; 100.0%      ;
+----------------------------+-------------+


+----------------------------------------------------------------------------------------------------------------------------------------------+
; Analysis & Synthesis Source Files Read                                                                                                       ;
+----------------------------------+-----------------+------------------------------+------------------------------------------------+---------+
; File Name with User-Entered Path ; Used in Netlist ; File Type                    ; File Name with Absolute Path                   ; Library ;
+----------------------------------+-----------------+------------------------------+------------------------------------------------+---------+
; de10_lite_small.v                ; yes             ; Auto-Found Verilog HDL File  ; C:/AlteraPrj/DE10_LITE_Small/de10_lite_small.v ;         ;
+----------------------------------+-----------------+------------------------------+------------------------------------------------+---------+


+------------------------------------------------------------------+
; Analysis & Synthesis Resource Usage Summary                      ;
+---------------------------------------------+--------------------+
; Resource                                    ; Usage              ;
+---------------------------------------------+--------------------+
;                                             ;                    ;
; Total combinational functions               ; 0                  ;
; Logic element usage by number of LUT inputs ;                    ;
;     -- 4 input functions                    ; 0                  ;
;     -- 3 input functions                    ; 0                  ;
;     -- <=2 input functions                  ; 0                  ;
;                                             ;                    ;
; Logic elements by mode                      ;                    ;
;     -- normal mode                          ; 0                  ;
;     -- arithmetic mode                      ; 0                  ;
;                                             ;                    ;
; Total registers                             ; 0                  ;
;     -- Dedicated logic registers            ; 0                  ;
;     -- I/O registers                        ; 0                  ;
;                                             ;                    ;
; I/O pins                                    ; 86                 ;
;                                             ;                    ;
; Embedded Multiplier 9-bit elements          ; 0                  ;
;                                             ;                    ;
; Maximum fan-out node                        ; GSENSOR_SDI~output ;
; Maximum fan-out                             ; 1                  ;
; Total fan-out                               ; 105                ;
; Average fan-out                             ; 0.55               ;
+---------------------------------------------+--------------------+


+----------------------------------------------------------------------------------------------------------------------------------------------------------------------------------------------------------------------------------------+
; Analysis & Synthesis Resource Utilization by Entity                                                                                                                                                                                    ;
+----------------------------+---------------------+---------------------------+-------------+------------+--------------+---------+-----------+------+--------------+------------+---------------------+-----------------+--------------+
; Compilation Hierarchy Node ; Combinational ALUTs ; Dedicated Logic Registers ; Memory Bits ; UFM Blocks ; DSP Elements ; DSP 9x9 ; DSP 18x18 ; Pins ; Virtual Pins ; ADC blocks ; Full Hierarchy Name ; Entity Name     ; Library Name ;
+----------------------------+---------------------+---------------------------+-------------+------------+--------------+---------+-----------+------+--------------+------------+---------------------+-----------------+--------------+
; |DE10_LITE_Small           ; 0 (0)               ; 0 (0)                     ; 0           ; 0          ; 0            ; 0       ; 0         ; 86   ; 0            ; 0          ; |DE10_LITE_Small    ; DE10_LITE_Small ; work         ;
+----------------------------+---------------------+---------------------------+-------------+------------+--------------+---------+-----------+------+--------------+------------+---------------------+-----------------+--------------+
Note: For table entries with two numbers listed, the numbers in parentheses indicate the number of resources of the given type used by the specific entity alone. The numbers listed outside of parentheses indicate the total resources of the given type used by the specific entity and all of its sub-entities in the hierarchy.


+------------------------------------------------------+
; General Register Statistics                          ;
+----------------------------------------------+-------+
; Statistic                                    ; Value ;
+----------------------------------------------+-------+
; Total registers                              ; 0     ;
; Number of registers using Synchronous Clear  ; 0     ;
; Number of registers using Synchronous Load   ; 0     ;
; Number of registers using Asynchronous Clear ; 0     ;
; Number of registers using Asynchronous Load  ; 0     ;
; Number of registers using Clock Enable       ; 0     ;
; Number of registers using Preset             ; 0     ;
+----------------------------------------------+-------+


+-----------------------------------------------------+
; Post-Synthesis Netlist Statistics for Top Partition ;
+-----------------------+-----------------------------+
; Type                  ; Count                       ;
+-----------------------+-----------------------------+
; boundary_port         ; 86                          ;
; cycloneiii_io_obuf    ; 19                          ;
; cycloneiii_lcell_comb ; 1                           ;
;     normal            ; 1                           ;
;         0 data inputs ; 1                           ;
;                       ;                             ;
; Max LUT depth         ; 0.00                        ;
; Average LUT depth     ; 0.00                        ;
+-----------------------+-----------------------------+


+-------------------------------+
; Elapsed Time Per Partition    ;
+----------------+--------------+
; Partition Name ; Elapsed Time ;
+----------------+--------------+
; Top            ; 00:00:00     ;
+----------------+--------------+


+-------------------------------+
; Analysis & Synthesis Messages ;
+-------------------------------+
Info: *******************************************************************
Info: Running Quartus Prime Analysis & Synthesis
    Info: Version 16.1.0 Build 196 10/24/2016 SJ Lite Edition
    Info: Processing started: Wed Aug 14 09:22:58 2024
Info: Command: quartus_map --read_settings_files=on --write_settings_files=off DE10_LITE_Small -c DE10_LITE_Small
Warning (18236): Number of processors has not been specified which may cause overloading on shared machines.  Set the global assignment NUM_PARALLEL_PROCESSORS in your QSF to an appropriate value for best performance.
Info (20030): Parallel compilation is enabled and will use 8 of the 8 processors detected
Info (12021): Found 1 design units, including 1 entities, in source file v/spi_ee_config.v
    Info (12023): Found entity 1: spi_ee_config File: C:/AlteraPrj/DE10_LITE_Small/v/spi_ee_config.v Line: 1
Info (12021): Found 1 design units, including 1 entities, in source file v/spi_controller.v
    Info (12023): Found entity 1: spi_controller File: C:/AlteraPrj/DE10_LITE_Small/v/spi_controller.v Line: 1
Info (12021): Found 1 design units, including 1 entities, in source file v/seg7_lut_6.v
    Info (12023): Found entity 1: SEG7_LUT_6 File: C:/AlteraPrj/DE10_LITE_Small/v/SEG7_LUT_6.v Line: 1
Info (12021): Found 1 design units, including 1 entities, in source file v/seg7_lut.v
    Info (12023): Found entity 1: SEG7_LUT File: C:/AlteraPrj/DE10_LITE_Small/v/SEG7_LUT.v Line: 1
Info (12021): Found 1 design units, including 1 entities, in source file v/reset_delay.v
    Info (12023): Found entity 1: Reset_Delay File: C:/AlteraPrj/DE10_LITE_Small/v/Reset_Delay.v Line: 1
Warning (10229): Verilog HDL Expression warning at led_driver.v(44): truncated literal to match 3 bits File: C:/AlteraPrj/DE10_LITE_Small/v/led_driver.v Line: 44
Info (12021): Found 1 design units, including 1 entities, in source file v/led_driver.v
    Info (12023): Found entity 1: led_driver File: C:/AlteraPrj/DE10_LITE_Small/v/led_driver.v Line: 1
Warning (12125): Using design file de10_lite_small.v, which is not specified as a design file for the current project, but contains definitions for 1 design units and 1 entities in project
    Info (12023): Found entity 1: DE10_LITE_Small File: C:/AlteraPrj/DE10_LITE_Small/de10_lite_small.v Line: 6
Info (12127): Elaborating entity "DE10_LITE_Small" for the top level hierarchy
Warning (10034): Output port "HEX0" at de10_lite_small.v(14) has no driver File: C:/AlteraPrj/DE10_LITE_Small/de10_lite_small.v Line: 14
Warning (10034): Output port "HEX1" at de10_lite_small.v(15) has no driver File: C:/AlteraPrj/DE10_LITE_Small/de10_lite_small.v Line: 15
Warning (10034): Output port "HEX2" at de10_lite_small.v(16) has no driver File: C:/AlteraPrj/DE10_LITE_Small/de10_lite_small.v Line: 16
Warning (10034): Output port "HEX3" at de10_lite_small.v(17) has no driver File: C:/AlteraPrj/DE10_LITE_Small/de10_lite_small.v Line: 17
Warning (10034): Output port "HEX4" at de10_lite_small.v(18) has no driver File: C:/AlteraPrj/DE10_LITE_Small/de10_lite_small.v Line: 18
Warning (10034): Output port "HEX5" at de10_lite_small.v(19) has no driver File: C:/AlteraPrj/DE10_LITE_Small/de10_lite_small.v Line: 19
Warning (10034): Output port "LEDR" at de10_lite_small.v(25) has no driver File: C:/AlteraPrj/DE10_LITE_Small/de10_lite_small.v Line: 25
Warning (10034): Output port "GSENSOR_CS_N" at de10_lite_small.v(28) has no driver File: C:/AlteraPrj/DE10_LITE_Small/de10_lite_small.v Line: 28
Warning (10034): Output port "GSENSOR_SCLK" at de10_lite_small.v(30) has no driver File: C:/AlteraPrj/DE10_LITE_Small/de10_lite_small.v Line: 30
Warning (12158): Entity "DE10_LITE_Small" contains only dangling pins
Warning (13039): The following bidirectional pins have no drivers
    Warning (13040): bidirectional pin "GSENSOR_SDI" has no driver File: C:/AlteraPrj/DE10_LITE_Small/de10_lite_small.v Line: 31
    Warning (13040): bidirectional pin "GSENSOR_SDO" has no driver File: C:/AlteraPrj/DE10_LITE_Small/de10_lite_small.v Line: 32
    Warning (13040): bidirectional pin "ARDUINO_IO[0]" has no driver File: C:/AlteraPrj/DE10_LITE_Small/de10_lite_small.v Line: 35
    Warning (13040): bidirectional pin "ARDUINO_IO[1]" has no driver File: C:/AlteraPrj/DE10_LITE_Small/de10_lite_small.v Line: 35
    Warning (13040): bidirectional pin "ARDUINO_IO[2]" has no driver File: C:/AlteraPrj/DE10_LITE_Small/de10_lite_small.v Line: 35
    Warning (13040): bidirectional pin "ARDUINO_IO[3]" has no driver File: C:/AlteraPrj/DE10_LITE_Small/de10_lite_small.v Line: 35
    Warning (13040): bidirectional pin "ARDUINO_IO[4]" has no driver File: C:/AlteraPrj/DE10_LITE_Small/de10_lite_small.v Line: 35
    Warning (13040): bidirectional pin "ARDUINO_IO[5]" has no driver File: C:/AlteraPrj/DE10_LITE_Small/de10_lite_small.v Line: 35
    Warning (13040): bidirectional pin "ARDUINO_IO[6]" has no driver File: C:/AlteraPrj/DE10_LITE_Small/de10_lite_small.v Line: 35
    Warning (13040): bidirectional pin "ARDUINO_IO[7]" has no driver File: C:/AlteraPrj/DE10_LITE_Small/de10_lite_small.v Line: 35
    Warning (13040): bidirectional pin "ARDUINO_IO[8]" has no driver File: C:/AlteraPrj/DE10_LITE_Small/de10_lite_small.v Line: 35
    Warning (13040): bidirectional pin "ARDUINO_IO[9]" has no driver File: C:/AlteraPrj/DE10_LITE_Small/de10_lite_small.v Line: 35
    Warning (13040): bidirectional pin "ARDUINO_IO[10]" has no driver File: C:/AlteraPrj/DE10_LITE_Small/de10_lite_small.v Line: 35
    Warning (13040): bidirectional pin "ARDUINO_IO[11]" has no driver File: C:/AlteraPrj/DE10_LITE_Small/de10_lite_small.v Line: 35
    Warning (13040): bidirectional pin "ARDUINO_IO[12]" has no driver File: C:/AlteraPrj/DE10_LITE_Small/de10_lite_small.v Line: 35
    Warning (13040): bidirectional pin "ARDUINO_IO[13]" has no driver File: C:/AlteraPrj/DE10_LITE_Small/de10_lite_small.v Line: 35
    Warning (13040): bidirectional pin "ARDUINO_IO[14]" has no driver File: C:/AlteraPrj/DE10_LITE_Small/de10_lite_small.v Line: 35
    Warning (13040): bidirectional pin "ARDUINO_IO[15]" has no driver File: C:/AlteraPrj/DE10_LITE_Small/de10_lite_small.v Line: 35
    Warning (13040): bidirectional pin "ARDUINO_RESET_N" has no driver File: C:/AlteraPrj/DE10_LITE_Small/de10_lite_small.v Line: 37
Warning (13024): Output pins are stuck at VCC or GND
    Warning (13410): Pin "HEX0[0]" is stuck at GND File: C:/AlteraPrj/DE10_LITE_Small/de10_lite_small.v Line: 14
    Warning (13410): Pin "HEX0[1]" is stuck at GND File: C:/AlteraPrj/DE10_LITE_Small/de10_lite_small.v Line: 14
    Warning (13410): Pin "HEX0[2]" is stuck at GND File: C:/AlteraPrj/DE10_LITE_Small/de10_lite_small.v Line: 14
    Warning (13410): Pin "HEX0[3]" is stuck at GND File: C:/AlteraPrj/DE10_LITE_Small/de10_lite_small.v Line: 14
    Warning (13410): Pin "HEX0[4]" is stuck at GND File: C:/AlteraPrj/DE10_LITE_Small/de10_lite_small.v Line: 14
    Warning (13410): Pin "HEX0[5]" is stuck at GND File: C:/AlteraPrj/DE10_LITE_Small/de10_lite_small.v Line: 14
    Warning (13410): Pin "HEX0[6]" is stuck at GND File: C:/AlteraPrj/DE10_LITE_Small/de10_lite_small.v Line: 14
    Warning (13410): Pin "HEX0[7]" is stuck at GND File: C:/AlteraPrj/DE10_LITE_Small/de10_lite_small.v Line: 14
    Warning (13410): Pin "HEX1[0]" is stuck at GND File: C:/AlteraPrj/DE10_LITE_Small/de10_lite_small.v Line: 15
    Warning (13410): Pin "HEX1[1]" is stuck at GND File: C:/AlteraPrj/DE10_LITE_Small/de10_lite_small.v Line: 15
    Warning (13410): Pin "HEX1[2]" is stuck at GND File: C:/AlteraPrj/DE10_LITE_Small/de10_lite_small.v Line: 15
    Warning (13410): Pin "HEX1[3]" is stuck at GND File: C:/AlteraPrj/DE10_LITE_Small/de10_lite_small.v Line: 15
    Warning (13410): Pin "HEX1[4]" is stuck at GND File: C:/AlteraPrj/DE10_LITE_Small/de10_lite_small.v Line: 15
    Warning (13410): Pin "HEX1[5]" is stuck at GND File: C:/AlteraPrj/DE10_LITE_Small/de10_lite_small.v Line: 15
    Warning (13410): Pin "HEX1[6]" is stuck at GND File: C:/AlteraPrj/DE10_LITE_Small/de10_lite_small.v Line: 15
    Warning (13410): Pin "HEX1[7]" is stuck at GND File: C:/AlteraPrj/DE10_LITE_Small/de10_lite_small.v Line: 15
    Warning (13410): Pin "HEX2[0]" is stuck at GND File: C:/AlteraPrj/DE10_LITE_Small/de10_lite_small.v Line: 16
    Warning (13410): Pin "HEX2[1]" is stuck at GND File: C:/AlteraPrj/DE10_LITE_Small/de10_lite_small.v Line: 16
    Warning (13410): Pin "HEX2[2]" is stuck at GND File: C:/AlteraPrj/DE10_LITE_Small/de10_lite_small.v Line: 16
    Warning (13410): Pin "HEX2[3]" is stuck at GND File: C:/AlteraPrj/DE10_LITE_Small/de10_lite_small.v Line: 16
    Warning (13410): Pin "HEX2[4]" is stuck at GND File: C:/AlteraPrj/DE10_LITE_Small/de10_lite_small.v Line: 16
    Warning (13410): Pin "HEX2[5]" is stuck at GND File: C:/AlteraPrj/DE10_LITE_Small/de10_lite_small.v Line: 16
    Warning (13410): Pin "HEX2[6]" is stuck at GND File: C:/AlteraPrj/DE10_LITE_Small/de10_lite_small.v Line: 16
    Warning (13410): Pin "HEX2[7]" is stuck at GND File: C:/AlteraPrj/DE10_LITE_Small/de10_lite_small.v Line: 16
    Warning (13410): Pin "HEX3[0]" is stuck at GND File: C:/AlteraPrj/DE10_LITE_Small/de10_lite_small.v Line: 17
    Warning (13410): Pin "HEX3[1]" is stuck at GND File: C:/AlteraPrj/DE10_LITE_Small/de10_lite_small.v Line: 17
    Warning (13410): Pin "HEX3[2]" is stuck at GND File: C:/AlteraPrj/DE10_LITE_Small/de10_lite_small.v Line: 17
    Warning (13410): Pin "HEX3[3]" is stuck at GND File: C:/AlteraPrj/DE10_LITE_Small/de10_lite_small.v Line: 17
    Warning (13410): Pin "HEX3[4]" is stuck at GND File: C:/AlteraPrj/DE10_LITE_Small/de10_lite_small.v Line: 17
    Warning (13410): Pin "HEX3[5]" is stuck at GND File: C:/AlteraPrj/DE10_LITE_Small/de10_lite_small.v Line: 17
    Warning (13410): Pin "HEX3[6]" is stuck at GND File: C:/AlteraPrj/DE10_LITE_Small/de10_lite_small.v Line: 17
    Warning (13410): Pin "HEX3[7]" is stuck at GND File: C:/AlteraPrj/DE10_LITE_Small/de10_lite_small.v Line: 17
    Warning (13410): Pin "HEX4[0]" is stuck at GND File: C:/AlteraPrj/DE10_LITE_Small/de10_lite_small.v Line: 18
    Warning (13410): Pin "HEX4[1]" is stuck at GND File: C:/AlteraPrj/DE10_LITE_Small/de10_lite_small.v Line: 18
    Warning (13410): Pin "HEX4[2]" is stuck at GND File: C:/AlteraPrj/DE10_LITE_Small/de10_lite_small.v Line: 18
    Warning (13410): Pin "HEX4[3]" is stuck at GND File: C:/AlteraPrj/DE10_LITE_Small/de10_lite_small.v Line: 18
    Warning (13410): Pin "HEX4[4]" is stuck at GND File: C:/AlteraPrj/DE10_LITE_Small/de10_lite_small.v Line: 18
    Warning (13410): Pin "HEX4[5]" is stuck at GND File: C:/AlteraPrj/DE10_LITE_Small/de10_lite_small.v Line: 18
    Warning (13410): Pin "HEX4[6]" is stuck at GND File: C:/AlteraPrj/DE10_LITE_Small/de10_lite_small.v Line: 18
    Warning (13410): Pin "HEX4[7]" is stuck at GND File: C:/AlteraPrj/DE10_LITE_Small/de10_lite_small.v Line: 18
    Warning (13410): Pin "HEX5[0]" is stuck at GND File: C:/AlteraPrj/DE10_LITE_Small/de10_lite_small.v Line: 19
    Warning (13410): Pin "HEX5[1]" is stuck at GND File: C:/AlteraPrj/DE10_LITE_Small/de10_lite_small.v Line: 19
    Warning (13410): Pin "HEX5[2]" is stuck at GND File: C:/AlteraPrj/DE10_LITE_Small/de10_lite_small.v Line: 19
    Warning (13410): Pin "HEX5[3]" is stuck at GND File: C:/AlteraPrj/DE10_LITE_Small/de10_lite_small.v Line: 19
    Warning (13410): Pin "HEX5[4]" is stuck at GND File: C:/AlteraPrj/DE10_LITE_Small/de10_lite_small.v Line: 19
    Warning (13410): Pin "HEX5[5]" is stuck at GND File: C:/AlteraPrj/DE10_LITE_Small/de10_lite_small.v Line: 19
    Warning (13410): Pin "HEX5[6]" is stuck at GND File: C:/AlteraPrj/DE10_LITE_Small/de10_lite_small.v Line: 19
    Warning (13410): Pin "HEX5[7]" is stuck at GND File: C:/AlteraPrj/DE10_LITE_Small/de10_lite_small.v Line: 19
    Warning (13410): Pin "LEDR[0]" is stuck at GND File: C:/AlteraPrj/DE10_LITE_Small/de10_lite_small.v Line: 25
    Warning (13410): Pin "LEDR[1]" is stuck at GND File: C:/AlteraPrj/DE10_LITE_Small/de10_lite_small.v Line: 25
    Warning (13410): Pin "LEDR[2]" is stuck at GND File: C:/AlteraPrj/DE10_LITE_Small/de10_lite_small.v Line: 25
    Warning (13410): Pin "LEDR[3]" is stuck at GND File: C:/AlteraPrj/DE10_LITE_Small/de10_lite_small.v Line: 25
    Warning (13410): Pin "LEDR[4]" is stuck at GND File: C:/AlteraPrj/DE10_LITE_Small/de10_lite_small.v Line: 25
    Warning (13410): Pin "LEDR[5]" is stuck at GND File: C:/AlteraPrj/DE10_LITE_Small/de10_lite_small.v Line: 25
    Warning (13410): Pin "LEDR[6]" is stuck at GND File: C:/AlteraPrj/DE10_LITE_Small/de10_lite_small.v Line: 25
    Warning (13410): Pin "LEDR[7]" is stuck at GND File: C:/AlteraPrj/DE10_LITE_Small/de10_lite_small.v Line: 25
    Warning (13410): Pin "LEDR[8]" is stuck at GND File: C:/AlteraPrj/DE10_LITE_Small/de10_lite_small.v Line: 25
    Warning (13410): Pin "LEDR[9]" is stuck at GND File: C:/AlteraPrj/DE10_LITE_Small/de10_lite_small.v Line: 25
    Warning (13410): Pin "GSENSOR_CS_N" is stuck at GND File: C:/AlteraPrj/DE10_LITE_Small/de10_lite_small.v Line: 28
    Warning (13410): Pin "GSENSOR_SCLK" is stuck at GND File: C:/AlteraPrj/DE10_LITE_Small/de10_lite_small.v Line: 30
Info (144001): Generated suppressed messages file C:/AlteraPrj/DE10_LITE_Small/DE10_LITE_Small.map.smsg
Info (16010): Generating hard_block partition "hard_block:auto_generated_inst"
    Info (16011): Adding 0 node(s), including 0 DDIO, 0 PLL, 0 transceiver and 0 LCELL
Warning (21074): Design contains 7 input pin(s) that do not drive logic
    Warning (15610): No output dependent on input pin "ADC_CLK_10" File: C:/AlteraPrj/DE10_LITE_Small/de10_lite_small.v Line: 9
    Warning (15610): No output dependent on input pin "MAX10_CLK1_50" File: C:/AlteraPrj/DE10_LITE_Small/de10_lite_small.v Line: 10
    Warning (15610): No output dependent on input pin "MAX10_CLK2_50" File: C:/AlteraPrj/DE10_LITE_Small/de10_lite_small.v Line: 11
    Warning (15610): No output dependent on input pin "KEY[0]" File: C:/AlteraPrj/DE10_LITE_Small/de10_lite_small.v Line: 22
    Warning (15610): No output dependent on input pin "KEY[1]" File: C:/AlteraPrj/DE10_LITE_Small/de10_lite_small.v Line: 22
    Warning (15610): No output dependent on input pin "GSENSOR_INT[1]" File: C:/AlteraPrj/DE10_LITE_Small/de10_lite_small.v Line: 29
    Warning (15610): No output dependent on input pin "GSENSOR_INT[2]" File: C:/AlteraPrj/DE10_LITE_Small/de10_lite_small.v Line: 29
Info (21057): Implemented 86 device resources after synthesis - the final resource count might be different
    Info (21058): Implemented 7 input pins
    Info (21059): Implemented 60 output pins
    Info (21060): Implemented 19 bidirectional pins
Info: Quartus Prime Analysis & Synthesis was successful. 0 errors, 102 warnings
    Info: Peak virtual memory: 4742 megabytes
    Info: Processing ended: Wed Aug 14 09:23:06 2024
    Info: Elapsed time: 00:00:08
    Info: Total CPU time (on all processors): 00:00:18


+------------------------------------------+
; Analysis & Synthesis Suppressed Messages ;
+------------------------------------------+
The suppressed messages can be found in C:/AlteraPrj/DE10_LITE_Small/DE10_LITE_Small.map.smsg.


